11:17:13 AM  [main] 	Initializing Control Panel
11:17:13 AM  [main] 	Windows Version:  Enterprise  64-bit
11:17:13 AM  [main] 	XAMPP Version: 5.6.40
11:17:13 AM  [main] 	Control Panel Version: 3.2.3  [ Compiled: Mar 7th 2019 ]
11:17:13 AM  [main] 	You are not running with administrator rights! This will work for
11:17:13 AM  [main] 	most application stuff but whenever you do something with services
11:17:13 AM  [main] 	there will be a security dialogue or things will break! So think 
11:17:13 AM  [main] 	about running this application with administrator rights!
11:17:13 AM  [main] 	XAMPP Installation Directory: "c:\users\hp 820\downloads\doc\"
11:17:13 AM  [main] 	WARNING: Your install directory contains spaces.  This may break programs/scripts
11:17:14 AM  [main] 	Checking for prerequisites
11:17:14 AM  [main] 	All prerequisites found
11:17:14 AM  [main] 	Initializing Modules
11:17:14 AM  [main] 	The FileZilla module is disabled
11:17:14 AM  [main] 	The Mercury module is disabled
11:17:14 AM  [main] 	Starting Check-Timer
11:17:14 AM  [main] 	Control Panel Ready
3:45:28 PM  [Apache] 	Attempting to start Apache app...
3:45:29 PM  [Apache] 	Status change detected: running
3:45:40 PM  [Apache] 	Attempting to stop Apache (PID: 14116)
3:45:40 PM  [Apache] 	Attempting to stop Apache (PID: 14752)
3:45:41 PM  [Apache] 	Status change detected: stopped
3:46:56 PM  [main] 	Deinitializing Modules
3:46:56 PM  [main] 	Deinitializing Control Panel

11:03:59 AM  [main] 	Initializing Control Panel
11:03:59 AM  [main] 	Windows Version:  Enterprise  64-bit
11:03:59 AM  [main] 	XAMPP Version: 5.6.40
11:03:59 AM  [main] 	Control Panel Version: 3.2.3  [ Compiled: Mar 7th 2019 ]
11:03:59 AM  [main] 	You are not running with administrator rights! This will work for
11:03:59 AM  [main] 	most application stuff but whenever you do something with services
11:03:59 AM  [main] 	there will be a security dialogue or things will break! So think 
11:03:59 AM  [main] 	about running this application with administrator rights!
11:03:59 AM  [main] 	XAMPP Installation Directory: "c:\users\hp 820\downloads\doc\"
11:03:59 AM  [main] 	WARNING: Your install directory contains spaces.  This may break programs/scripts
11:03:59 AM  [main] 	Checking for prerequisites
11:04:39 AM  [main] 	All prerequisites found
11:04:39 AM  [main] 	Initializing Modules
11:04:39 AM  [main] 	The FileZilla module is disabled
11:04:39 AM  [main] 	The Mercury module is disabled
11:04:39 AM  [main] 	Starting Check-Timer
11:04:39 AM  [main] 	Control Panel Ready
3:45:29 PM  [Apache] 	Status change detected: running
3:45:41 PM  [Apache] 	Status change detected: stopped
3:45:41 PM  [Apache] 	Error: Apache shutdown unexpectedly.
3:45:41 PM  [Apache] 	This may be due to a blocked port, missing dependencies, 
3:45:41 PM  [Apache] 	improper privileges, a crash, or a shutdown by another method.
3:45:41 PM  [Apache] 	Press the Logs button to view error logs and check
3:45:41 PM  [Apache] 	the Windows Event Viewer for more clues
3:45:41 PM  [Apache] 	If you need more help, copy and post this
3:45:41 PM  [Apache] 	entire log window on the forums
3:46:57 PM  [main] 	Deinitializing Modules
3:46:57 PM  [main] 	Deinitializing Control Panel

9:04:45 PM  [main] 	Initializing Control Panel
9:04:45 PM  [main] 	Windows Version:  Enterprise  64-bit
9:04:45 PM  [main] 	XAMPP Version: 5.6.40
9:04:45 PM  [main] 	Control Panel Version: 3.2.3  [ Compiled: Mar 7th 2019 ]
9:04:45 PM  [main] 	You are not running with administrator rights! This will work for
9:04:45 PM  [main] 	most application stuff but whenever you do something with services
9:04:45 PM  [main] 	there will be a security dialogue or things will break! So think 
9:04:45 PM  [main] 	about running this application with administrator rights!
9:04:45 PM  [main] 	XAMPP Installation Directory: "c:\users\hp 820\downloads\doc\"
9:04:45 PM  [main] 	WARNING: Your install directory contains spaces.  This may break programs/scripts
9:04:45 PM  [main] 	Checking for prerequisites
9:04:47 PM  [main] 	All prerequisites found
9:04:47 PM  [main] 	Initializing Modules
9:04:47 PM  [main] 	The FileZilla module is disabled
9:04:47 PM  [main] 	The Mercury module is disabled
9:04:47 PM  [main] 	Starting Check-Timer
9:04:47 PM  [main] 	Control Panel Ready
9:04:57 PM  [Apache] 	Status change detected: running
9:05:10 PM  [mysql] 	Status change detected: running
9:55:05 PM  [Apache] 	Attempting to stop Apache (PID: 9928)
9:55:05 PM  [Apache] 	Attempting to stop Apache (PID: 4244)
9:55:06 PM  [Apache] 	Status change detected: stopped
9:55:07 PM  [mysql] 	Attempting to stop MySQL app...
9:55:07 PM  [mysql] 	Status change detected: stopped
1:17:00 AM  [main] 	Deinitializing Modules
1:17:00 AM  [main] 	Deinitializing Control Panel

7:02:39 PM  [main] 	Initializing Control Panel
7:02:39 PM  [main] 	Windows Version:  Enterprise  64-bit
7:02:39 PM  [main] 	XAMPP Version: 5.6.40
7:02:39 PM  [main] 	Control Panel Version: 3.2.3  [ Compiled: Mar 7th 2019 ]
7:02:39 PM  [main] 	You are not running with administrator rights! This will work for
7:02:39 PM  [main] 	most application stuff but whenever you do something with services
7:02:39 PM  [main] 	there will be a security dialogue or things will break! So think 
7:02:39 PM  [main] 	about running this application with administrator rights!
7:02:39 PM  [main] 	XAMPP Installation Directory: "c:\users\hp 820\downloads\doc\"
7:02:39 PM  [main] 	WARNING: Your install directory contains spaces.  This may break programs/scripts
7:02:39 PM  [main] 	Checking for prerequisites
7:03:52 PM  [main] 	All prerequisites found
7:03:52 PM  [main] 	Initializing Modules
7:03:52 PM  [main] 	The FileZilla module is disabled
7:03:52 PM  [main] 	The Mercury module is disabled
7:03:52 PM  [main] 	Starting Check-Timer
7:03:52 PM  [main] 	Control Panel Ready
10:27:35 PM  [Apache] 	Status change detected: running
10:27:53 PM  [Apache] 	Status change detected: stopped
10:27:53 PM  [Apache] 	Error: Apache shutdown unexpectedly.
10:27:53 PM  [Apache] 	This may be due to a blocked port, missing dependencies, 
10:27:53 PM  [Apache] 	improper privileges, a crash, or a shutdown by another method.
10:27:53 PM  [Apache] 	Press the Logs button to view error logs and check
10:27:53 PM  [Apache] 	the Windows Event Viewer for more clues
10:27:53 PM  [Apache] 	If you need more help, copy and post this
10:27:53 PM  [Apache] 	entire log window on the forums
10:28:53 PM  [Apache] 	Status change detected: running
10:28:54 PM  [mysql] 	Status change detected: running
10:47:35 PM  [Apache] 	Status change detected: stopped
10:47:35 PM  [Apache] 	Error: Apache shutdown unexpectedly.
10:47:35 PM  [Apache] 	This may be due to a blocked port, missing dependencies, 
10:47:35 PM  [Apache] 	improper privileges, a crash, or a shutdown by another method.
10:47:35 PM  [Apache] 	Press the Logs button to view error logs and check
10:47:35 PM  [Apache] 	the Windows Event Viewer for more clues
10:47:35 PM  [Apache] 	If you need more help, copy and post this
10:47:35 PM  [Apache] 	entire log window on the forums
10:47:36 PM  [mysql] 	Status change detected: stopped
10:47:36 PM  [mysql] 	Error: MySQL shutdown unexpectedly.
10:47:36 PM  [mysql] 	This may be due to a blocked port, missing dependencies, 
10:47:36 PM  [mysql] 	improper privileges, a crash, or a shutdown by another method.
10:47:36 PM  [mysql] 	Press the Logs button to view error logs and check
10:47:36 PM  [mysql] 	the Windows Event Viewer for more clues
10:47:36 PM  [mysql] 	If you need more help, copy and post this
10:47:36 PM  [mysql] 	entire log window on the forums
10:48:13 PM  [Apache] 	Status change detected: running
10:48:23 PM  [mysql] 	Status change detected: running
3:33:54 AM  [main] 	Deinitializing Modules
3:33:54 AM  [main] 	Deinitializing Control Panel

10:12:11 PM  [main] 	Initializing Control Panel
10:12:11 PM  [main] 	Windows Version:  Enterprise  64-bit
10:12:11 PM  [main] 	XAMPP Version: 5.6.40
10:12:11 PM  [main] 	Control Panel Version: 3.2.3  [ Compiled: Mar 7th 2019 ]
10:12:11 PM  [main] 	You are not running with administrator rights! This will work for
10:12:11 PM  [main] 	most application stuff but whenever you do something with services
10:12:11 PM  [main] 	there will be a security dialogue or things will break! So think 
10:12:11 PM  [main] 	about running this application with administrator rights!
10:12:11 PM  [main] 	XAMPP Installation Directory: "c:\users\hp 820\downloads\doc\"
10:12:11 PM  [main] 	WARNING: Your install directory contains spaces.  This may break programs/scripts
10:12:11 PM  [main] 	Checking for prerequisites
10:14:52 PM  [main] 	All prerequisites found
10:14:52 PM  [main] 	Initializing Modules
10:14:52 PM  [main] 	The FileZilla module is disabled
10:14:52 PM  [main] 	The Mercury module is disabled
10:14:52 PM  [main] 	Starting Check-Timer
10:14:52 PM  [main] 	Control Panel Ready
10:15:46 PM  [Apache] 	Attempting to start Apache app...
10:15:47 PM  [Apache] 	Status change detected: running
10:15:51 PM  [mysql] 	Attempting to start MySQL app...
10:15:51 PM  [mysql] 	Status change detected: running
9:59:17 AM  [main] 	Deinitializing Modules
9:59:17 AM  [main] 	Deinitializing Control Panel

